<?xml version="1.0" encoding="UTF-8"?>
<!-- Generated by org.testng.reporters.JUnitReportReporter -->
<testsuite skipped="0" hostname="CV0111018752" name="corejava.programs.SeleniumFetchingTextAndLinks" tests="1" failures="0" timestamp="16 Mar 2018 14:48:35 GMT" time="37.331" errors="0">
  <testcase name="start" time="37.331" classname="corejava.programs.SeleniumFetchingTextAndLinks"/>
</testsuite> <!-- corejava.programs.SeleniumFetchingTextAndLinks -->
